0 info it worked if it ends with ok
1 verbose cli [ 'c:\\Program Files (x86)\\nodejs\\node.exe',
1 verbose cli   'c:\\Program Files (x86)\\nodejs\\node_modules\\npm\\bin\\npm-cli.js',
1 verbose cli   'run',
1 verbose cli   'backend-server' ]
2 info using npm@3.3.12
3 info using node@v5.5.0
4 verbose run-script [ 'prebackend-server', 'backend-server', 'postbackend-server' ]
5 info lifecycle reactapp1@1.0.0~prebackend-server: reactapp1@1.0.0
6 silly lifecycle reactapp1@1.0.0~prebackend-server: no script for prebackend-server, continuing
7 info lifecycle reactapp1@1.0.0~backend-server: reactapp1@1.0.0
8 verbose lifecycle reactapp1@1.0.0~backend-server: unsafe-perm in lifecycle true
9 verbose lifecycle reactapp1@1.0.0~backend-server: PATH: c:\Program Files (x86)\nodejs\node_modules\npm\bin\node-gyp-bin;C:\Users\Zaiyang\Desktop\front-end\node_modules\.bin;c:\Users\Zaiyang\bin;.;C:\Program Files (x86)\Git\local\bin;C:\Program Files (x86)\Git\mingw\bin;C:\Program Files (x86)\Git\bin;d:\Python34\;d:\Python34\Scripts;c:\ProgramData\Oracle\Java\javapath;c:\Program Files (x86)\Intel\iCLS Client\;c:\Program Files\Intel\iCLS Client\;c:\WINDOWS\system32;c:\WINDOWS;c:\WINDOWS\System32\Wbem;c:\WINDOWS\System32\WindowsPowerShell\v1.0\;c:\Program Files\Intel\Intel(R) Management Engine Components\DAL;c:\Program Files\Intel\Intel(R) Management Engine Components\IPT;c:\Program Files (x86)\Intel\Intel(R) Management Engine Components\DAL;c:\Program Files (x86)\Intel\Intel(R) Management Engine Components\IPT;c:\Program Files\Intel\WiFi\bin\;c:\Program Files\Common Files\Intel\WirelessCommon\;c:\Program Files\Microsoft SQL Server\120\Tools\Binn\;c:\Program Files (x86)\MySQL\MySQL Fabric 1.5.4 & MySQL Utilities 1.5.4 1.5\;c:\Program Files (x86)\MySQL\MySQL Fabric 1.5.4 & MySQL Utilities 1.5.4 1.5\Doctrine extensions for PHP\;c:\Program Files\Common Files\Autodesk Shared\;c:\Program Files (x86)\Autodesk\Backburner\;c:\Program Files (x86)\NVIDIA Corporation\PhysX\Common;c:\Users\Zaiyang\.dnx\bin;c:\Program Files\Microsoft DNX\Dnvm\;c:\Program Files (x86)\Windows Kits\10\Windows Performance Toolkit\;d:\MiKTeX 2.9\miktex\bin\;c:\WINDOWS\system32;c:\WINDOWS;c:\WINDOWS\System32\Wbem;c:\WINDOWS\System32\WindowsPowerShell\v1.0\;d:\MATLAB\MATLAB Production Server\R2015a\runtime\win64;d:\MATLAB\MATLAB Production Server\R2015a\bin;d:\MATLAB\MATLAB Production Server\R2015a\polyspace\bin;c:\Program Files (x86)\nodejs\;c:\Tcl\bin;c:\Ruby22-x64\bin;d:\php-5.6;d:\nginx-1.9.2;c:\Program Files (x86)\Java\jdk1.7.0_55\bin;c:\Program Files\MySQL\MySQL Workbench 6.3 CE;d:\Python34\;d:\Python34\Scripts;c:\ProgramData\Oracle\Java\javapath;c:\Program Files (x86)\Intel\iCLS Client\;c:\Program Files\Intel\iCLS Client\;c:\WINDOWS\system32;c:\WINDOWS;c:\WINDOWS\System32\Wbem;c:\WINDOWS\System32\WindowsPowerShell\v1.0\;c:\Program Files\Intel\Intel(R) Management Engine Components\DAL;c:\Program Files\Intel\Intel(R) Management Engine Components\IPT;c:\Program Files (x86)\Intel\Intel(R) Management Engine Components\DAL;c:\Program Files (x86)\Intel\Intel(R) Management Engine Components\IPT;c:\Program Files\Intel\WiFi\bin\;c:\Program Files\Common Files\Intel\WirelessCommon\;c:\Program Files\Microsoft SQL Server\120\Tools\Binn\;c:\Program Files (x86)\MySQL\MySQL Fabric 1.5.4 & MySQL Utilities 1.5.4 1.5\;c:\Program Files (x86)\MySQL\MySQL Fabric 1.5.4 & MySQL Utilities 1.5.4 1.5\Doctrine extensions for PHP\;c:\Program Files\Common Files\Autodesk Shared\;c:\Program Files (x86)\Autodesk\Backburner\;c:\Program Files (x86)\NVIDIA Corporation\PhysX\Common;c:\Users\Zaiyang\.dnx\bin;c:\Program Files\Microsoft DNX\Dnvm\;c:\Program Files (x86)\Windows Kits\10\Windows Performance Toolkit\;d:\MiKTeX 2.9\miktex\bin\;c:\WINDOWS\system32;c:\WINDOWS;c:\WINDOWS\System32\Wbem;c:\WINDOWS\System32\WindowsPowerShell\v1.0\;d:\MATLAB\MATLAB Production Server\R2015a\runtime\win64;d:\MATLAB\MATLAB Production Server\R2015a\bin;d:\MATLAB\MATLAB Production Server\R2015a\polyspace\bin;c:\Program Files (x86)\nodejs\;c:\Program Files (x86)\Microsoft VS Code\bin;c:\Users\Zaiyang\AppData\Roaming\npm
10 verbose lifecycle reactapp1@1.0.0~backend-server: CWD: C:\Users\Zaiyang\Desktop\front-end
11 silly lifecycle reactapp1@1.0.0~backend-server: Args: [ '/d /s /c', 'node server/server.js' ]
12 silly lifecycle reactapp1@1.0.0~backend-server: Returned: code: 1  signal: null
13 info lifecycle reactapp1@1.0.0~backend-server: Failed to exec backend-server script
14 verbose stack Error: reactapp1@1.0.0 backend-server: `node server/server.js`
14 verbose stack Exit status 1
14 verbose stack     at EventEmitter.<anonymous> (c:\Program Files (x86)\nodejs\node_modules\npm\lib\utils\lifecycle.js:232:16)
14 verbose stack     at emitTwo (events.js:100:13)
14 verbose stack     at EventEmitter.emit (events.js:185:7)
14 verbose stack     at ChildProcess.<anonymous> (c:\Program Files (x86)\nodejs\node_modules\npm\lib\utils\spawn.js:24:14)
14 verbose stack     at emitTwo (events.js:100:13)
14 verbose stack     at ChildProcess.emit (events.js:185:7)
14 verbose stack     at maybeClose (internal/child_process.js:821:16)
14 verbose stack     at Process.ChildProcess._handle.onexit (internal/child_process.js:211:5)
15 verbose pkgid reactapp1@1.0.0
16 verbose cwd C:\Users\Zaiyang\Desktop\front-end
17 error Windows_NT 10.0.10586
18 error argv "c:\\Program Files (x86)\\nodejs\\node.exe" "c:\\Program Files (x86)\\nodejs\\node_modules\\npm\\bin\\npm-cli.js" "run" "backend-server"
19 error node v5.5.0
20 error npm  v3.3.12
21 error code ELIFECYCLE
22 error reactapp1@1.0.0 backend-server: `node server/server.js`
22 error Exit status 1
23 error Failed at the reactapp1@1.0.0 backend-server script 'node server/server.js'.
23 error Make sure you have the latest version of node.js and npm installed.
23 error If you do, this is most likely a problem with the reactapp1 package,
23 error not with npm itself.
23 error Tell the author that this fails on your system:
23 error     node server/server.js
23 error You can get their info via:
23 error     npm owner ls reactapp1
23 error There is likely additional logging output above.
24 verbose exit [ 1, true ]
